This is pdfTeX, Version 3.14159265-2.6-1.40.18 (TeX Live 2017/Debian) (preloaded format=pdflatex 2018.12.8)  8 FEB 2019 15:48
entering extended mode
 restricted \write18 enabled.
 %&-line parsing enabled.
**notes.tex
(./notes.tex
LaTeX2e <2017-04-15>
Babel <3.18> and hyphenation patterns for 3 language(s) loaded.
(/usr/share/texlive/texmf-dist/tex/latex/base/article.cls
Document Class: article 2014/09/29 v1.4h Standard LaTeX document class
(/usr/share/texlive/texmf-dist/tex/latex/base/size12.clo
File: size12.clo 2014/09/29 v1.4h Standard LaTeX file (size option)
)
\c@part=\count79
\c@section=\count80
\c@subsection=\count81
\c@subsubsection=\count82
\c@paragraph=\count83
\c@subparagraph=\count84
\c@figure=\count85
\c@table=\count86
\abovecaptionskip=\skip41
\belowcaptionskip=\skip42
\bibindent=\dimen102
)
(/usr/share/texlive/texmf-dist/tex/latex/listings/listings.sty
(/usr/share/texlive/texmf-dist/tex/latex/graphics/keyval.sty
Package: keyval 2014/10/28 v1.15 key=value parser (DPC)
\KV@toks@=\toks14
)
\lst@mode=\count87
\lst@gtempboxa=\box26
\lst@token=\toks15
\lst@length=\count88
\lst@currlwidth=\dimen103
\lst@column=\count89
\lst@pos=\count90
\lst@lostspace=\dimen104
\lst@width=\dimen105
\lst@newlines=\count91
\lst@lineno=\count92
\lst@maxwidth=\dimen106

(/usr/share/texlive/texmf-dist/tex/latex/listings/lstmisc.sty
File: lstmisc.sty 2015/06/04 1.6 (Carsten Heinz)
\c@lstnumber=\count93
\lst@skipnumbers=\count94
\lst@framebox=\box27
)
(/usr/share/texlive/texmf-dist/tex/latex/listings/listings.cfg
File: listings.cfg 2015/06/04 1.6 listings configuration
))
Package: listings 2015/06/04 1.6 (Carsten Heinz)

(/usr/share/texlive/texmf-dist/tex/latex/graphics/graphicx.sty
Package: graphicx 2017/06/01 v1.1a Enhanced LaTeX Graphics (DPC,SPQR)

(/usr/share/texlive/texmf-dist/tex/latex/graphics/graphics.sty
Package: graphics 2017/06/25 v1.2c Standard LaTeX Graphics (DPC,SPQR)

(/usr/share/texlive/texmf-dist/tex/latex/graphics/trig.sty
Package: trig 2016/01/03 v1.10 sin cos tan (DPC)
)
(/usr/share/texlive/texmf-dist/tex/latex/graphics-cfg/graphics.cfg
File: graphics.cfg 2016/06/04 v1.11 sample graphics configuration
)
Package graphics Info: Driver file: pdftex.def on input line 99.

(/usr/share/texlive/texmf-dist/tex/latex/graphics-def/pdftex.def
File: pdftex.def 2018/01/08 v1.0l Graphics/color driver for pdftex
))
\Gin@req@height=\dimen107
\Gin@req@width=\dimen108
)
(/usr/share/texlive/texmf-dist/tex/latex/subfig/subfig.sty
Package: subfig 2005/06/28 ver: 1.3 subfig package

(/usr/share/texlive/texmf-dist/tex/latex/caption/caption.sty
Package: caption 2016/02/21 v3.3-144 Customizing captions (AR)

(/usr/share/texlive/texmf-dist/tex/latex/caption/caption3.sty
Package: caption3 2016/05/22 v1.7-166 caption3 kernel (AR)
Package caption3 Info: TeX engine: e-TeX on input line 67.
\captionmargin=\dimen109
\captionmargin@=\dimen110
\captionwidth=\dimen111
\caption@tempdima=\dimen112
\caption@indent=\dimen113
\caption@parindent=\dimen114
\caption@hangindent=\dimen115
)
\c@ContinuedFloat=\count95
Package caption Info: listings package is loaded.
)
\c@KVtest=\count96
\sf@farskip=\skip43
\sf@captopadj=\dimen116
\sf@capskip=\skip44
\sf@nearskip=\skip45
\c@subfigure=\count97
\c@subfigure@save=\count98
\c@lofdepth=\count99
\c@subtable=\count100
\c@subtable@save=\count101
\c@lotdepth=\count102
\sf@top=\skip46
\sf@bottom=\skip47
)
(/usr/share/texlive/texmf-dist/tex/latex/graphics/color.sty
Package: color 2016/07/10 v1.1e Standard LaTeX Color (DPC)

(/usr/share/texlive/texmf-dist/tex/latex/graphics-cfg/color.cfg
File: color.cfg 2016/01/02 v1.6 sample color configuration
)
Package color Info: Driver file: pdftex.def on input line 147.
)
(/usr/share/texlive/texmf-dist/tex/latex/listings/lstlang1.sty
File: lstlang1.sty 2015/06/04 1.6 listings language file
) (./notes.aux

LaTeX Warning: Label `sfig:a' multiply defined.


LaTeX Warning: Label `sub@sfig:a' multiply defined.


LaTeX Warning: Label `sfig:b' multiply defined.


LaTeX Warning: Label `sub@sfig:b' multiply defined.


LaTeX Warning: Label `fig:test' multiply defined.

)
\openout1 = `notes.aux'.

LaTeX Font Info:    Checking defaults for OML/cmm/m/it on input line 31.
LaTeX Font Info:    ... okay on input line 31.
LaTeX Font Info:    Checking defaults for T1/cmr/m/n on input line 31.
LaTeX Font Info:    ... okay on input line 31.
LaTeX Font Info:    Checking defaults for OT1/cmr/m/n on input line 31.
LaTeX Font Info:    ... okay on input line 31.
LaTeX Font Info:    Checking defaults for OMS/cmsy/m/n on input line 31.
LaTeX Font Info:    ... okay on input line 31.
LaTeX Font Info:    Checking defaults for OMX/cmex/m/n on input line 31.
LaTeX Font Info:    ... okay on input line 31.
LaTeX Font Info:    Checking defaults for U/cmr/m/n on input line 31.
LaTeX Font Info:    ... okay on input line 31.
\c@lstlisting=\count103
 (/usr/share/texlive/texmf-dist/tex/context/base/mkii/supp-pdf.mkii
[Loading MPS to PDF converter (version 2006.09.02).]
\scratchcounter=\count104
\scratchdimen=\dimen117
\scratchbox=\box28
\nofMPsegments=\count105
\nofMParguments=\count106
\everyMPshowfont=\toks16
\MPscratchCnt=\count107
\MPscratchDim=\dimen118
\MPnumerator=\count108
\makeMPintoPDFobject=\count109
\everyMPtoPDFconversion=\toks17
) (/usr/share/texlive/texmf-dist/tex/latex/oberdiek/epstopdf-base.sty
Package: epstopdf-base 2016/05/15 v2.6 Base part for package epstopdf

(/usr/share/texlive/texmf-dist/tex/generic/oberdiek/infwarerr.sty
Package: infwarerr 2016/05/16 v1.4 Providing info/warning/error messages (HO)
)
(/usr/share/texlive/texmf-dist/tex/latex/oberdiek/grfext.sty
Package: grfext 2016/05/16 v1.2 Manage graphics extensions (HO)

(/usr/share/texlive/texmf-dist/tex/generic/oberdiek/kvdefinekeys.sty
Package: kvdefinekeys 2016/05/16 v1.4 Define keys (HO)

(/usr/share/texlive/texmf-dist/tex/generic/oberdiek/ltxcmds.sty
Package: ltxcmds 2016/05/16 v1.23 LaTeX kernel commands for general use (HO)
)))
(/usr/share/texlive/texmf-dist/tex/latex/oberdiek/kvoptions.sty
Package: kvoptions 2016/05/16 v3.12 Key value format for package options (HO)

(/usr/share/texlive/texmf-dist/tex/generic/oberdiek/kvsetkeys.sty
Package: kvsetkeys 2016/05/16 v1.17 Key value parser (HO)

(/usr/share/texlive/texmf-dist/tex/generic/oberdiek/etexcmds.sty
Package: etexcmds 2016/05/16 v1.6 Avoid name clashes with e-TeX commands (HO)

(/usr/share/texlive/texmf-dist/tex/generic/oberdiek/ifluatex.sty
Package: ifluatex 2016/05/16 v1.4 Provides the ifluatex switch (HO)
Package ifluatex Info: LuaTeX not detected.
)
Package etexcmds Info: Could not find \expanded.
(etexcmds)             That can mean that you are not using pdfTeX 1.50 or
(etexcmds)             that some package has redefined \expanded.
(etexcmds)             In the latter case, load this package earlier.
)))
(/usr/share/texlive/texmf-dist/tex/generic/oberdiek/pdftexcmds.sty
Package: pdftexcmds 2018/01/21 v0.26 Utility functions of pdfTeX for LuaTeX (HO
)

(/usr/share/texlive/texmf-dist/tex/generic/oberdiek/ifpdf.sty
Package: ifpdf 2017/03/15 v3.2 Provides the ifpdf switch
)
Package pdftexcmds Info: LuaTeX not detected.
Package pdftexcmds Info: \pdf@primitive is available.
Package pdftexcmds Info: \pdf@ifprimitive is available.
Package pdftexcmds Info: \pdfdraftmode found.
)
Package epstopdf-base Info: Redefining graphics rule for `.eps' on input line 4
38.
Package grfext Info: Graphics extension search list:
(grfext)             [.pdf,.png,.jpg,.mps,.jpeg,.jbig2,.jb2,.PDF,.PNG,.JPG,.JPE
G,.JBIG2,.JB2,.eps]
(grfext)             \AppendGraphicsExtensions on input line 456.

(/usr/share/texlive/texmf-dist/tex/latex/latexconfig/epstopdf-sys.cfg
File: epstopdf-sys.cfg 2010/07/13 v1.3 Configuration of (r)epstopdf for TeX Liv
e
))
Package caption Info: Begin \AtBeginDocument code.
Package caption Info: subfig package v1.3 is loaded.
Package caption Info: End \AtBeginDocument code.
LaTeX Font Info:    External font `cmex10' loaded for size
(Font)              <14.4> on input line 32.
LaTeX Font Info:    External font `cmex10' loaded for size
(Font)              <7> on input line 32.
<example_images/class_mask.png, id=1, 706.8006pt x 398.9304pt>
File: example_images/class_mask.png Graphic file (type png)
<use example_images/class_mask.png>
Package pdftex.def Info: example_images/class_mask.png  used on input line 39.
(pdftex.def)             Requested size: 195.0pt x 110.05621pt.
LaTeX Font Info:    External font `cmex10' loaded for size
(Font)              <12> on input line 44.
LaTeX Font Info:    External font `cmex10' loaded for size
(Font)              <8> on input line 44.
LaTeX Font Info:    External font `cmex10' loaded for size
(Font)              <6> on input line 44.

Overfull \hbox (2.73404pt too wide) in paragraph at lines 43--49
 \OT1/cmr/bx/n/12 Out-put prob-a-bil-i-ties, and neg-a-tive train-ing ex-am-ple
 size.[] \OT1/cmr/m/n/12 The larger
 []

<example_images/preds_vs_ground_truth_box0.png, id=3, 721.2546pt x 218.9781pt>
File: example_images/preds_vs_ground_truth_box0.png Graphic file (type png)
<use example_images/preds_vs_ground_truth_box0.png>
Package pdftex.def Info: example_images/preds_vs_ground_truth_box0.png  used on
 input line 52.
(pdftex.def)             Requested size: 360.6264pt x 109.48877pt.
<example_images/preds_vs_ground_truth_box3.png, id=4, 721.2546pt x 218.9781pt>
File: example_images/preds_vs_ground_truth_box3.png Graphic file (type png)
<use example_images/preds_vs_ground_truth_box3.png>
Package pdftex.def Info: example_images/preds_vs_ground_truth_box3.png  used on
 input line 53.
(pdftex.def)             Requested size: 360.6264pt x 109.48877pt.
[1

{/var/lib/texmf/fonts/map/pdftex/updmap/pdftex.map} <./example_images/class_mas
k.png>] [2 <./example_images/preds_vs_ground_truth_box0.png> <./example_images/
preds_vs_ground_truth_box3.png>]
<example_images/preds_vs_ground_truth_smart_box0.png, id=20, 721.2546pt x 218.9
781pt>
File: example_images/preds_vs_ground_truth_smart_box0.png Graphic file (type pn
g)
<use example_images/preds_vs_ground_truth_smart_box0.png>
Package pdftex.def Info: example_images/preds_vs_ground_truth_smart_box0.png  u
sed on input line 76.
(pdftex.def)             Requested size: 70.19272pt x 56.90288pt.
<example_images/preds_vs_ground_truth_smart_box3.png, id=21, 721.2546pt x 218.9
781pt>
File: example_images/preds_vs_ground_truth_smart_box3.png Graphic file (type pn
g)
<use example_images/preds_vs_ground_truth_smart_box3.png>
Package pdftex.def Info: example_images/preds_vs_ground_truth_smart_box3.png  u
sed on input line 78.
(pdftex.def)             Requested size: 70.19272pt x 56.90288pt.
<example_images/preds_vs_ground_truth_smart_box6.png, id=22, 721.2546pt x 218.9
781pt>
File: example_images/preds_vs_ground_truth_smart_box6.png Graphic file (type pn
g)
<use example_images/preds_vs_ground_truth_smart_box6.png>
Package pdftex.def Info: example_images/preds_vs_ground_truth_smart_box6.png  u
sed on input line 80.
(pdftex.def)             Requested size: 70.19272pt x 56.90288pt.
<example_images/preds_vs_ground_truth_smart_box9.png, id=23, 721.2546pt x 218.9
781pt>
File: example_images/preds_vs_ground_truth_smart_box9.png Graphic file (type pn
g)
<use example_images/preds_vs_ground_truth_smart_box9.png>
Package pdftex.def Info: example_images/preds_vs_ground_truth_smart_box9.png  u
sed on input line 82.
(pdftex.def)             Requested size: 70.19272pt x 56.90288pt.
<example_images/preds_vs_ground_truth_smart_box12.png, id=24, 721.2546pt x 218.
9781pt>
File: example_images/preds_vs_ground_truth_smart_box12.png Graphic file (type p
ng)
<use example_images/preds_vs_ground_truth_smart_box12.png>
Package pdftex.def Info: example_images/preds_vs_ground_truth_smart_box12.png  
used on input line 84.
(pdftex.def)             Requested size: 70.19272pt x 56.90288pt.
<example_images/preds_vs_ground_truth_smart_box15.png, id=25, 721.2546pt x 218.
9781pt>
File: example_images/preds_vs_ground_truth_smart_box15.png Graphic file (type p
ng)
<use example_images/preds_vs_ground_truth_smart_box15.png>
Package pdftex.def Info: example_images/preds_vs_ground_truth_smart_box15.png  
used on input line 86.
(pdftex.def)             Requested size: 70.19272pt x 56.90288pt.
<example_images/preds_vs_ground_truth_smart_box18.png, id=26, 721.2546pt x 218.
9781pt>
File: example_images/preds_vs_ground_truth_smart_box18.png Graphic file (type p
ng)
<use example_images/preds_vs_ground_truth_smart_box18.png>
Package pdftex.def Info: example_images/preds_vs_ground_truth_smart_box18.png  
used on input line 88.
(pdftex.def)             Requested size: 70.19272pt x 56.90288pt.
<example_images/preds_vs_ground_truth_smart_box20.png, id=27, 721.2546pt x 218.
9781pt>
File: example_images/preds_vs_ground_truth_smart_box20.png Graphic file (type p
ng)
<use example_images/preds_vs_ground_truth_smart_box20.png>
Package pdftex.def Info: example_images/preds_vs_ground_truth_smart_box20.png  
used on input line 90.
(pdftex.def)             Requested size: 70.19272pt x 56.90288pt.
<example_images/preds_vs_ground_truth_smart_box23.png, id=28, 721.2546pt x 218.
9781pt>
File: example_images/preds_vs_ground_truth_smart_box23.png Graphic file (type p
ng)
<use example_images/preds_vs_ground_truth_smart_box23.png>
Package pdftex.def Info: example_images/preds_vs_ground_truth_smart_box23.png  
used on input line 92.
(pdftex.def)             Requested size: 70.19272pt x 56.90288pt.
<example_images/preds_vs_ground_truth_smart_box29.png, id=29, 721.2546pt x 218.
9781pt>
File: example_images/preds_vs_ground_truth_smart_box29.png Graphic file (type p
ng)
<use example_images/preds_vs_ground_truth_smart_box29.png>
Package pdftex.def Info: example_images/preds_vs_ground_truth_smart_box29.png  
used on input line 94.
(pdftex.def)             Requested size: 70.19272pt x 56.90288pt.
 [3 <./example_images/preds_vs_ground_truth_smart_box0.png> <./example_images/p
reds_vs_ground_truth_smart_box3.png> <./example_images/preds_vs_ground_truth_sm
art_box6.png> <./example_images/preds_vs_ground_truth_smart_box9.png> <./exampl
e_images/preds_vs_ground_truth_smart_box12.png> <./example_images/preds_vs_grou
nd_truth_smart_box15.png> <./example_images/preds_vs_ground_truth_smart_box18.p
ng> <./example_images/preds_vs_ground_truth_smart_box20.png> <./example_images/
preds_vs_ground_truth_smart_box23.png> <./example_images/preds_vs_ground_truth_
smart_box29.png>] (./notes.aux)

LaTeX Warning: There were multiply-defined labels.

 ) 
Here is how much of TeX's memory you used:
 4174 strings out of 494923
 66300 string characters out of 6180742
 147014 words of memory out of 5000000
 7455 multiletter control sequences out of 15000+600000
 8969 words of font info for 32 fonts, out of 8000000 for 9000
 14 hyphenation exceptions out of 8191
 44i,10n,49p,272b,1624s stack positions out of 5000i,500n,10000p,200000b,80000s
</usr/share/texlive/texmf-dist/fonts/type1/public/amsfonts/cm/cmbx12.pfb></us
r/share/texlive/texmf-dist/fonts/type1/public/amsfonts/cm/cmr10.pfb></usr/share
/texlive/texmf-dist/fonts/type1/public/amsfonts/cm/cmr12.pfb></usr/share/texliv
e/texmf-dist/fonts/type1/public/amsfonts/cm/cmr17.pfb></usr/share/texlive/texmf
-dist/fonts/type1/public/amsfonts/cm/cmtt10.pfb>
Output written on notes.pdf (3 pages, 3537184 bytes).
PDF statistics:
 61 PDF objects out of 1000 (max. 8388607)
 24 compressed objects within 1 object stream
 0 named destinations out of 1000 (max. 500000)
 66 words of extra memory for PDF output out of 10000 (max. 10000000)

